{"level": "info", "message": "User successfully logged in", "timestamp": "2024-11-04T10:15:30.000Z", "meta": {"userId": "12345", "ipAddress": "192.168.1.100"}}
{"level": "warn", "message": "Invalid password attempt", "timestamp": "2024-11-04T10:18:45.000Z", "meta": {"userId": "12345", "ipAddress": "192.168.1.100", "attempts": 3}}
{"level": "error", "message": "Database connection failed", "timestamp": "2024-11-04T10:20:10.000Z", "meta": {"errorCode": "DB_CONN_ERR", "details": "Connection timeout after 5000ms", "dbServer": "db-prod-01"}}
{"level": "info", "message": "File uploaded successfully", "timestamp": "2024-11-04T10:25:50.000Z", "meta": {"fileName": "report.pdf", "fileSize": "2MB", "userId": "67890"}}
{"level": "error", "message": "Unauthorized access attempt detected", "timestamp": "2024-11-04T10:30:00.000Z", "meta": {"ipAddress": "192.168.1.101", "reason": "Invalid session token"}}
{"level": "info", "message": "System maintenance started", "timestamp": "2024-11-04T11:00:00.000Z", "meta": {"duration": "1 hour", "initiatedBy": "Admin"}}
{"level": "info", "message": "User profile updated", "timestamp": "2024-11-04T11:10:15.000Z", "meta": {"userId": "54321", "changes": ["email", "password"]}}
{"level": "error", "message": "Payment gateway error", "timestamp": "2024-11-04T11:15:45.000Z", "meta": {"transactionId": "tx7890", "amount": "99.99", "currency": "USD"}}
{"level": "warn", "message": "API rate limit exceeded", "timestamp": "2024-11-04T11:20:30.000Z", "meta": {"apiKey": "abc123", "ipAddress": "192.168.1.102"}}
{"level": "info", "message": "Session expired for user", "timestamp": "2024-11-04T11:25:30.000Z", "meta": {"userId": "54321"}}
{"level": "error", "message": "Disk space low", "timestamp": "2024-11-04T11:30:00.000Z", "meta": {"server": "web-server-02", "availableSpace": "500MB"}}
{"level": "warn", "message": "Slow response detected", "timestamp": "2024-11-04T11:32:15.000Z", "meta": {"endpoint": "/api/v1/orders", "responseTime": "2000ms"}}
{"level": "info", "message": "New user registration", "timestamp": "2024-11-04T11:35:00.000Z", "meta": {"userId": "112233", "email": "newuser@example.com"}}
{"level": "error", "message": "Failed to send email", "timestamp": "2024-11-04T11:40:30.000Z", "meta": {"email": "user@example.com", "error": "SMTP server not reachable"}}
{"level": "info", "message": "Scheduled backup completed", "timestamp": "2024-11-04T11:45:50.000Z", "meta": {"backupId": "backup20241104", "duration": "15 minutes"}}
{"level": "warn", "message": "High memory usage", "timestamp": "2024-11-04T11:50:00.000Z", "meta": {"server": "web-server-03", "memoryUsage": "95%"}}
{"level": "info", "message": "User logged out", "timestamp": "2024-11-04T11:55:10.000Z", "meta": {"userId": "112233"}}
{"level": "error", "message": "Service timeout", "timestamp": "2024-11-04T12:00:30.000Z", "meta": {"service": "payment-service", "timeout": "30000ms"}}
{"level": "warn", "message": "Deprecated API usage", "timestamp": "2024-11-04T12:05:00.000Z", "meta": {"endpoint": "/api/v1/old-method", "userId": "54321"}}
{"level": "info", "message": "Admin logged in", "timestamp": "2024-11-04T12:10:20.000Z", "meta": {"adminId": "admin123"}}
{"level": "error", "message": "Unauthorized API access", "timestamp": "2024-11-04T12:15:35.000Z", "meta": {"apiKey": "invalid_key", "endpoint": "/api/v1/private"}}
{"level": "info", "message": "Cache cleared", "timestamp": "2024-11-04T12:20:45.000Z", "meta": {"cacheId": "cache456", "scope": "global"}}
{"level": "warn", "message": "Unusual login location detected", "timestamp": "2024-11-04T12:25:30.000Z", "meta": {"userId": "54321", "location": "New York"}}
{"level": "error", "message": "Failed to retrieve data", "timestamp": "2024-11-04T12:30:20.000Z", "meta": {"endpoint": "/api/v1/user-info", "error": "timeout"}}
{"level": "info", "message": "Password reset requested", "timestamp": "2024-11-04T12:35:10.000Z", "meta": {"userId": "54321", "requestId": "req789"}}
{"level": "error", "message": "Permission denied", "timestamp": "2024-11-04T12:40:00.000Z", "meta": {"file": "/etc/config.json", "userId": "nonadmin"}}
{"level": "info", "message": "Subscription renewed", "timestamp": "2024-11-04T12:45:50.000Z", "meta": {"userId": "67890", "plan": "premium"}}
{"level": "warn", "message": "Unusual traffic detected", "timestamp": "2024-11-04T12:50:00.000Z", "meta": {"ipAddress": "192.168.1.105"}}
{"level": "error", "message": "Login failed due to incorrect OTP", "timestamp": "2024-11-04T12:55:30.000Z", "meta": {"userId": "67890"}}
{"level": "info", "message": "Application started", "timestamp": "2024-11-04T13:00:15.000Z", "meta": {"version": "v1.5.2"}}
{"level": "warn", "message": "Session timeout extended", "timestamp": "2024-11-04T13:05:10.000Z", "meta": {"userId": "112233", "additionalTime": "15 minutes"}}
{"level": "error", "message": "Resource not found", "timestamp": "2024-11-04T13:10:30.000Z", "meta": {"endpoint": "/api/v1/nonexistent"}}
{"level": "info", "message": "Database backup created", "timestamp": "2024-11-04T13:15:45.000Z", "meta": {"backupId": "dbbackup20241104", "size": "1GB"}}
{"level": "error", "message": "Email verification failed", "timestamp": "2024-11-04T13:20:00.000Z", "meta": {"email": "user@example.com", "reason": "Invalid email format"}}
{"level": "warn", "message": "Password strength low", "timestamp": "2024-11-04T13:25:00.000Z", "meta": {"userId": "12345"}}
{"level": "info", "message": "Payment processed successfully", "timestamp": "2024-11-04T13:30:30.000Z", "meta": {"transactionId": "tx1234", "amount": "49.99", "currency": "USD"}}
{"level": "error", "message": "File upload failed", "timestamp": "2024-11-04T13:35:10.000Z", "meta": {"fileName": "large-file.zip", "error": "File size exceeds limit"}}
{"level": "warn", "message": "System clock skew detected", "timestamp": "2024-11-04T13:40:00.000Z", "meta": {"server": "time-server-01"}}
{"level": "info", "message": "Server started", "timestamp": "2024-11-04T13:45:50.000Z", "meta": {"server": "web-server-01", "uptime": "0 days"}}
{"level": "error", "message": "Memory allocation failed", "timestamp": "2024-11-04T13:50:00.000Z", "meta": {"server": "compute-node-03", "memoryNeeded": "500MB"}}
{"level": "warn", "message": "Email delivery delayed", "timestamp": "2024-11-04T13:55:30.000Z", "meta": {"email": "user@example.com", "reason": "SMTP server load"}}
{"level": "info", "message": "Session refreshed", "timestamp": "2024-11-04T14:00:10.000Z", "meta": {"userId": "12345"}}
{"level": "error", "message": "Process crashed", "timestamp": "2024-11-04T14:05:00.000Z", "meta": {"processId": "worker-02", "reason": "Segmentation fault"}}
{"level": "warn", "message": "Config file missing key", "timestamp": "2024-11-04T14:10:15.000Z", "meta": {"file": "config.yml", "missingKey": "databaseURL"}}
{"level": "info", "message": "User data synced", "timestamp": "2024-11-04T14:15:45.000Z", "meta": {"userId": "67890"}}
{"level": "error", "message": "Unhandled exception", "timestamp": "2024-11-04T14:20:30.000Z", "meta": {"exception": "NullReferenceException", "module": "user-service"}}
{"level": "info", "message": "Feature flag enabled", "timestamp": "2024-11-04T14:25:00.000Z", "meta": {"featureName": "betaUI", "enabledBy": "admin123"}}
{"level": "warn", "message": "Deprecated library in use", "timestamp": "2024-11-04T14:30:10.000Z", "meta": {"library": "old-library-v1.0"}}
{"level": "error", "message": "Login blocked due to location", "timestamp": "2024-11-04T14:35:30.000Z", "meta": {"userId": "67890", "location": "Unknown"}}
{"level": "info", "message": "Report generated", "timestamp": "2024-11-04T14:40:00.000Z", "meta": {"reportId": "report20241104"}}
{"level": "warn", "message": "Outdated browser version", "timestamp": "2024-11-04T14:45:50.000Z", "meta": {"userId": "12345", "browser": "IE11"}}
{"level": "error", "message": "Storage write error", "timestamp": "2024-11-04T14:50:00.000Z", "meta": {"file": "user-data.db", "error": "Permission denied"}}
